<?xml version="1.0" encoding="UTF-8"?>
<!-- Generated by org.testng.reporters.JUnitXMLReporter -->
<testsuite ignored="0" hostname="Punyas-MacBook-Air.local" failures="2" tests="3" name="AmazonFullFlow" time="23.704" errors="0" timestamp="2025-05-28T11:00:02 IST">
  <testcase classname="TestAmazon_.AmazonRegisterTest" name="registerOnAmazon" time="4.676"/>
  <testcase classname="TestAmazon_.AmazonSignin" name="signInToAmazon" time="10.545">
    <failure type="org.openqa.selenium.NoSuchElementException" message="Unable to locate element: #ap_email
For documentation on this error, please visit: https://www.selenium.dev/documentation/webdriver/troubleshooting/errors#no-such-element-exception
Build info: version: &amp;apos;4.33.0&amp;apos;, revision: &amp;apos;2c6aaad03a&amp;apos;
System info: os.name: &amp;apos;Mac OS X&amp;apos;, os.arch: &amp;apos;x86_64&amp;apos;, os.version: &amp;apos;15.1.1&amp;apos;, java.version: &amp;apos;17.0.4.1&amp;apos;
Driver info: org.openqa.selenium.firefox.FirefoxDriver
Command: [45f77349-9b27-424c-9078-b75c4079de71, findElement {value=ap_email, using=id}]
Capabilities {acceptInsecureCerts: true, browserName: firefox, browserVersion: 138.0.4, moz:accessibilityChecks: false, moz:buildID: 20250517143237, moz:geckodriverVersion: 0.36.0, moz:headless: false, moz:platformVersion: 24.1.0, moz:processID: 13919, moz:profile: /var/folders/lw/lgsh4j555hg..., moz:shutdownTimeout: 60000, moz:webdriverClick: true, moz:windowless: false, pageLoadStrategy: normal, platformName: mac, proxy: Proxy(), setWindowRect: true, strictFileInteractability: false, timeouts: {implicit: 0, pageLoad: 300000, script: 30000}, unhandledPromptBehavior: dismiss and notify, userAgent: Mozilla/5.0 (Macintosh; Int...}
Session ID: 45f77349-9b27-424c-9078-b75c4079de71">
      <![CDATA[org.openqa.selenium.NoSuchElementException: Unable to locate element: #ap_email
For documentation on this error, please visit: https://www.selenium.dev/documentation/webdriver/troubleshooting/errors#no-such-element-exception
Build info: version: '4.33.0', revision: '2c6aaad03a'
System info: os.name: 'Mac OS X', os.arch: 'x86_64', os.version: '15.1.1', java.version: '17.0.4.1'
Driver info: org.openqa.selenium.firefox.FirefoxDriver
Command: [45f77349-9b27-424c-9078-b75c4079de71, findElement {value=ap_email, using=id}]
Capabilities {acceptInsecureCerts: true, browserName: firefox, browserVersion: 138.0.4, moz:accessibilityChecks: false, moz:buildID: 20250517143237, moz:geckodriverVersion: 0.36.0, moz:headless: false, moz:platformVersion: 24.1.0, moz:processID: 13919, moz:profile: /var/folders/lw/lgsh4j555hg..., moz:shutdownTimeout: 60000, moz:webdriverClick: true, moz:windowless: false, pageLoadStrategy: normal, platformName: mac, proxy: Proxy(), setWindowRect: true, strictFileInteractability: false, timeouts: {implicit: 0, pageLoad: 300000, script: 30000}, unhandledPromptBehavior: dismiss and notify, userAgent: Mozilla/5.0 (Macintosh; Int...}
Session ID: 45f77349-9b27-424c-9078-b75c4079de71
at org.openqa.selenium.remote.ErrorCodec.decode(ErrorCodec.java:167)
at org.openqa.selenium.remote.codec.w3c.W3CHttpResponseCodec.decode(W3CHttpResponseCodec.java:138)
at org.openqa.selenium.remote.codec.w3c.W3CHttpResponseCodec.decode(W3CHttpResponseCodec.java:50)
at org.openqa.selenium.remote.HttpCommandExecutor.execute(HttpCommandExecutor.java:215)
at org.openqa.selenium.remote.service.DriverCommandExecutor.invokeExecute(DriverCommandExecutor.java:216)
at org.openqa.selenium.remote.service.DriverCommandExecutor.execute(DriverCommandExecutor.java:174)
at org.openqa.selenium.remote.RemoteWebDriver.execute(RemoteWebDriver.java:544)
at org.openqa.selenium.remote.ElementLocation$ElementFinder$2.findElement(ElementLocation.java:165)
at org.openqa.selenium.remote.ElementLocation.findElement(ElementLocation.java:59)
at org.openqa.selenium.remote.RemoteWebDriver.findElement(RemoteWebDriver.java:367)
at org.openqa.selenium.remote.RemoteWebDriver.findElement(RemoteWebDriver.java:361)
at TestAmazon_.AmazonSignin.signInToAmazon(AmazonSignin.java:47)
at java.base/java.util.ArrayList.forEach(ArrayList.java:1511)
... Removed 32 stack frames]]>
    </failure>
  </testcase> <!-- signInToAmazon -->
  <testcase classname="TestAmazon_.AmazonTestSearch" name="searchAddToCartAndBuyNow" time="1.748">
    <failure type="org.openqa.selenium.ElementClickInterceptedException" message="Element &amp;lt;a id=&amp;quot;a-autoid-2-announce&amp;quot; class=&amp;quot;a-button-text&amp;quot; href=&amp;quot;/SJEWARE-Pairs-Solid-Ankle-Multicolor/dp/B0BZVZYXV5/?_encoding=UTF8&amp;amp;pd_rd_w=vHyqz&amp;amp;content-id=amzn1.sym.211684f4-ebe1-443f-8a4a-0773471e979f&amp;amp;pf_rd_p=211684f4-ebe1-443f-8a4a-0773471e979f&amp;amp;pf_rd_r=4BA426JJMD3RTN86JDEH&amp;amp;pd_rd_wg=wYfRy&amp;amp;pd_rd_r=95c9d80c-e926-4e58-ba18-3c4ecbdf5b3f&amp;amp;ref_=pd_hp_d_btf_crs_zg_bs_1571271031&amp;quot;&amp;gt; is not clickable at point (227,749) because another element &amp;lt;div id=&amp;quot;nav-cover&amp;quot;&amp;gt; obscures it
Build info: version: &amp;apos;4.33.0&amp;apos;, revision: &amp;apos;2c6aaad03a&amp;apos;
System info: os.name: &amp;apos;Mac OS X&amp;apos;, os.arch: &amp;apos;x86_64&amp;apos;, os.version: &amp;apos;15.1.1&amp;apos;, java.version: &amp;apos;17.0.4.1&amp;apos;
Driver info: org.openqa.selenium.firefox.FirefoxDriver
Command: [47da6efb-cab3-4bd8-9673-3ebfda554ea6, clickElement {id=cde30dd7-9aaf-4fa1-a87b-b60cb1f07279}]
Capabilities {acceptInsecureCerts: true, browserName: firefox, browserVersion: 138.0.4, moz:accessibilityChecks: false, moz:buildID: 20250517143237, moz:geckodriverVersion: 0.36.0, moz:headless: false, moz:platformVersion: 24.1.0, moz:processID: 13971, moz:profile: /var/folders/lw/lgsh4j555hg..., moz:shutdownTimeout: 60000, moz:webdriverClick: true, moz:windowless: false, pageLoadStrategy: normal, platformName: mac, proxy: Proxy(), setWindowRect: true, strictFileInteractability: false, timeouts: {implicit: 0, pageLoad: 300000, script: 30000}, unhandledPromptBehavior: dismiss and notify, userAgent: Mozilla/5.0 (Macintosh; Int...}
Element: [[FirefoxDriver: firefox on mac (47da6efb-cab3-4bd8-9673-3ebfda554ea6)] -&amp;gt; id: a-autoid-2-announce]
Session ID: 47da6efb-cab3-4bd8-9673-3ebfda554ea6">
      <![CDATA[org.openqa.selenium.ElementClickInterceptedException: Element <a id="a-autoid-2-announce" class="a-button-text" href="/SJEWARE-Pairs-Solid-Ankle-Multicolor/dp/B0BZVZYXV5/?_encoding=UTF8&pd_rd_w=vHyqz&content-id=amzn1.sym.211684f4-ebe1-443f-8a4a-0773471e979f&pf_rd_p=211684f4-ebe1-443f-8a4a-0773471e979f&pf_rd_r=4BA426JJMD3RTN86JDEH&pd_rd_wg=wYfRy&pd_rd_r=95c9d80c-e926-4e58-ba18-3c4ecbdf5b3f&ref_=pd_hp_d_btf_crs_zg_bs_1571271031"> is not clickable at point (227,749) because another element <div id="nav-cover"> obscures it
Build info: version: '4.33.0', revision: '2c6aaad03a'
System info: os.name: 'Mac OS X', os.arch: 'x86_64', os.version: '15.1.1', java.version: '17.0.4.1'
Driver info: org.openqa.selenium.firefox.FirefoxDriver
Command: [47da6efb-cab3-4bd8-9673-3ebfda554ea6, clickElement {id=cde30dd7-9aaf-4fa1-a87b-b60cb1f07279}]
Capabilities {acceptInsecureCerts: true, browserName: firefox, browserVersion: 138.0.4, moz:accessibilityChecks: false, moz:buildID: 20250517143237, moz:geckodriverVersion: 0.36.0, moz:headless: false, moz:platformVersion: 24.1.0, moz:processID: 13971, moz:profile: /var/folders/lw/lgsh4j555hg..., moz:shutdownTimeout: 60000, moz:webdriverClick: true, moz:windowless: false, pageLoadStrategy: normal, platformName: mac, proxy: Proxy(), setWindowRect: true, strictFileInteractability: false, timeouts: {implicit: 0, pageLoad: 300000, script: 30000}, unhandledPromptBehavior: dismiss and notify, userAgent: Mozilla/5.0 (Macintosh; Int...}
Element: [[FirefoxDriver: firefox on mac (47da6efb-cab3-4bd8-9673-3ebfda554ea6)] -> id: a-autoid-2-announce]
Session ID: 47da6efb-cab3-4bd8-9673-3ebfda554ea6
at org.openqa.selenium.remote.ErrorCodec.decode(ErrorCodec.java:167)
at org.openqa.selenium.remote.codec.w3c.W3CHttpResponseCodec.decode(W3CHttpResponseCodec.java:138)
at org.openqa.selenium.remote.codec.w3c.W3CHttpResponseCodec.decode(W3CHttpResponseCodec.java:50)
at org.openqa.selenium.remote.HttpCommandExecutor.execute(HttpCommandExecutor.java:215)
at org.openqa.selenium.remote.service.DriverCommandExecutor.invokeExecute(DriverCommandExecutor.java:216)
at org.openqa.selenium.remote.service.DriverCommandExecutor.execute(DriverCommandExecutor.java:174)
at org.openqa.selenium.remote.RemoteWebDriver.execute(RemoteWebDriver.java:544)
at org.openqa.selenium.remote.RemoteWebElement.execute(RemoteWebElement.java:223)
at org.openqa.selenium.remote.RemoteWebElement.click(RemoteWebElement.java:76)
at TestAmazon_.AmazonTestSearch.searchAddToCartAndBuyNow(AmazonTestSearch.java:26)
at java.base/java.util.ArrayList.forEach(ArrayList.java:1511)
... Removed 32 stack frames]]>
    </failure>
  </testcase> <!-- searchAddToCartAndBuyNow -->
</testsuite> <!-- AmazonFullFlow -->
